  Prueba.cpp
C:\Users\marie\Desktop\Prueba\Prueba\Prueba.cpp(13,16): error C2131: expression did not evaluate to a constant
C:\Users\marie\Desktop\Prueba\Prueba\Prueba.cpp(13,16): message : failure was caused by a read of a variable outside its lifetime
C:\Users\marie\Desktop\Prueba\Prueba\Prueba.cpp(13,16): message : see usage of 'sz'
C:\Users\marie\Desktop\Prueba\Prueba\Prueba.cpp(13,20): error C2131: expression did not evaluate to a constant
C:\Users\marie\Desktop\Prueba\Prueba\Prueba.cpp(13,20): message : failure was caused by a read of a variable outside its lifetime
C:\Users\marie\Desktop\Prueba\Prueba\Prueba.cpp(13,20): message : see usage of 'sz'
C:\Users\marie\Desktop\Prueba\Prueba\Prueba.cpp(19,17): warning C4552: '>>': result of expression not used
C:\Users\marie\Desktop\Prueba\Prueba\Prueba.cpp(26,34): warning C4552: '<<': result of expression not used
